build/app/outputs/mapping/release/seeds.txt
com.edentech.foodie.MainActivity
com.edentech.foodie.MainActivity: MainActivity()
...
androidx.appcompat.R$styleable: int AppCompatTheme_colorPrimaryDark
androidx.appcompat.R$attr: int color
androidx.appcompat.resources.R$styleable: int FontFamily_fontProviderFetchTimeout
androidx.appcompat.R$attr: int displayOptions
androidx.appcompat.resources.R$styleable: int GradientColor_android_centerX
androidx.appcompat.R$attr: int contentInsetLeft
androidx.core.R$dimen: int compat_button_inset_horizontal_material
androidx.appcompat.widget.Toolbar: int getContentInsetStart()
com.dexterous.flutterlocalnotifications.SoundSource: com.dexterous.flutterlocalnotifications.SoundSource valueOf(java.lang.String)
androidx.appcompat.R$styleable: int[] Spinner
androidx.appcompat.widget.ButtonBarLayout: ButtonBarLayout(android.content.Context,android.util.AttributeSet)
org.chromium.support_lib_boundary.SafeBrowsingResponseBoundaryInterface: void showInterstitial(boolean)
com.google.android.gms.internal.measurement.zzeh: com.google.android.gms.internal.measurement.zzkk zzg
androidx.appcompat.R$color: int abc_tint_seek_thumb
org.chromium.support_lib_boundary.VisualStateCallbackBoundaryInterface: void onComplete(long)
com.google.android.gms.internal.firebase-auth-api.zznw: android.os.Parcelable$Creator CREATOR
androidx.appcompat.R$styleable: int AppCompatTheme_ratingBarStyleIndicator
com.razorpay.R$string: int abc_capital_on
androidx.appcompat.R$style: int Widget_AppCompat_ButtonBar
androidx.appcompat.R$styleable: int AppCompatTheme_listPopupWindowStyle
androidx.appcompat.R$attr: int iconTintMode
androidx.appcompat.R$id: int blocking
io.flutter.embedding.engine.FlutterJNI: void dispatchPointerDataPacket(java.nio.ByteBuffer,int)
androidx.appcompat.view.menu.ListMenuItemView: void setIcon(android.graphics.drawable.Drawable)
androidx.appcompat.R$styleable: int AppCompatImageView_tint
androidx.media.R$integer: int cancel_button_image_alpha
androidx.appcompat.widget.ViewStubCompat
androidx.appcompat.R$dimen: int abc_seekbar_track_background_height_material
com.razorpay.CheckoutActivity: CheckoutActivity()
io.flutter.plugins.GeneratedPluginRegistrant: void registerWith(io.flutter.embedding.engine.FlutterEngine)
com.google.android.gms.dynamite.descriptors.com.google.firebase.auth.ModuleDescriptor
androidx.appcompat.R$drawable: int btn_checkbox_checked_mtrl
com.google.android.gms.internal.measurement.zzgh: com.google.android.gms.internal.measurement.zzgh zzk
androidx.appcompat.widget.LinearLayoutCompat: LinearLayoutCompat(android.content.Context,android.util.AttributeSet,int)
com.google.android.gms.base.R$string: int common_google_play_services_unsupported_text
com.google.android.gms.measurement.AppMeasurementService
androidx.appcompat.resources.R$drawable: int notification_template_icon_bg
com.google.android.gms.internal.firebase-auth-api.zzgd
androidx.appcompat.widget.AppCompatTextView: void setSupportBackgroundTintMode(android.graphics.PorterDuff$Mode)
android.support.v4.media.AudioAttributesCompatParcelizer: AudioAttributesCompatParcelizer()
androidx.appcompat.R$styleable: int SearchView_android_maxWidth
com.google.android.gms.internal.measurement.zzes: boolean zzh
androidx.appcompat.R$layout: int abc_search_dropdown_item_icons_2line
androidx.appcompat.R$id: int tag_unhandled_key_listeners
com.google.firebase.database.connection.Connection$State: com.google.firebase.database.connection.Connection$State valueOf(java.lang.String)
androidx.appcompat.R$drawable: int abc_ic_star_black_16dp
androidx.appcompat.R$style: int Base_Animation_AppCompat_Dialog
androidx.appcompat.R$attr: int listPreferredItemPaddingEnd
com.razorpay.R$layout: int abc_screen_content_include
androidx.appcompat.widget.SearchView: int getPreferredWidth()
com.google.android.gms.internal.firebase-auth-api.zzmk: android.os.Parcelable$Creator CREATOR
androidx.appcompat.R$attr: int paddingEnd
androidx.appcompat.R$attr: int actionOverflowButtonStyle
androidx.appcompat.R$dimen: int abc_button_inset_vertical_material
androidx.appcompat.R$dimen: int abc_action_bar_elevation_material