build/app/outputs/mapping/release/mapping.txt
# compiler: R8
# compiler_version: 2.0.88
# min_api: 21
# pg_map_id: 1f623ab
# common_typos_disable
...
com.google.firebase.auth.FirebaseAuth -> com.google.firebase.auth.FirebaseAuth:
    java.lang.Object zzj -> j
    com.google.firebase.auth.FirebaseUser zzf -> f
    java.lang.Object zzh -> h
    java.lang.String zzi -> i
    java.lang.String zzk -> k
    com.google.firebase.auth.internal.zzw zzg -> g
    com.google.firebase.auth.internal.zzf zzn -> n
    com.google.android.gms.internal.firebase-auth-api.zzti zze -> e
    java.util.List zzb -> b
    java.util.List zzd -> d
    com.google.firebase.auth.internal.zzbm zzm -> m
    java.util.List zzc -> c
    com.google.firebase.auth.internal.zzbi zzo -> o
    com.google.firebase.auth.internal.zzbj zzp -> p
    com.google.firebase.auth.internal.zzbg zzl -> l
    com.google.firebase.FirebaseApp zza -> a
    void signOut() -> A
    void useAppLanguage() -> B
    void useEmulator(java.lang.String,int) -> C
    com.google.android.gms.tasks.Task verifyPasswordResetCode(java.lang.String) -> D
    java.util.List zzA(com.google.firebase.auth.FirebaseAuth) -> E
    java.util.List zzB(com.google.firebase.auth.FirebaseAuth) -> F
    void zzC() -> G
    void zzD(com.google.firebase.auth.FirebaseUser,com.google.android.gms.internal.firebase-auth-api.zzwq,boolean) -> H
    void zzE(com.google.firebase.auth.FirebaseAuth,com.google.firebase.auth.FirebaseUser) -> I
    void zzF(com.google.firebase.auth.FirebaseAuth,com.google.firebase.auth.FirebaseUser) -> J
com.google.firebase.auth.FirebaseAuth$AuthStateListener -> com.google.firebase.auth.FirebaseAuth$a:
    void onAuthStateChanged(com.google.firebase.auth.FirebaseAuth) -> a
com.google.firebase.auth.FirebaseAuth$IdTokenListener -> com.google.firebase.auth.FirebaseAuth$b:
    void onIdTokenChanged(com.google.firebase.auth.FirebaseAuth) -> a
com.google.firebase.auth.FirebaseAuthActionCodeException -> com.google.firebase.auth.o:
com.google.firebase.auth.FirebaseAuthEmailException -> com.google.firebase.auth.p:
com.google.firebase.auth.FirebaseAuthException -> com.google.firebase.auth.q:
    java.lang.String zza -> l
    java.lang.String getErrorCode() -> a
com.google.firebase.auth.FirebaseAuthInvalidCredentialsException -> com.google.firebase.auth.r:
com.google.firebase.auth.FirebaseAuthInvalidUserException -> com.google.firebase.auth.s:
com.google.firebase.auth.FirebaseAuthMultiFactorException -> com.google.firebase.auth.t:
    com.google.firebase.auth.MultiFactorResolver zza -> m
com.google.firebase.auth.FirebaseAuthRecentLoginRequiredException -> com.google.firebase.auth.u:
com.google.firebase.auth.FirebaseAuthSettings -> com.google.firebase.auth.v:
    void forceRecaptchaFlowForTesting(boolean) -> a
    void setAppVerificationDisabledForTesting(boolean) -> b
    void setAutoRetrievedSmsCodeForPhoneNumber(java.lang.String,java.lang.String) -> c
com.google.firebase.auth.FirebaseAuthUserCollisionException -> com.google.firebase.auth.w:
    java.lang.String zzb -> n
    com.google.firebase.auth.AuthCredential zza -> m
    java.lang.String getEmail() -> b
    com.google.firebase.auth.AuthCredential getUpdatedCredential() -> c
    com.google.firebase.auth.FirebaseAuthUserCollisionException zza(com.google.firebase.auth.AuthCredential) -> d
    com.google.firebase.auth.FirebaseAuthUserCollisionException zzb(java.lang.String) -> e
    com.google.firebase.auth.FirebaseAuthUserCollisionException zzc(java.lang.String) -> f
com.google.firebase.auth.FirebaseAuthWeakPasswordException -> com.google.firebase.auth.x:
    java.lang.String zza -> m
    java.lang.String getReason() -> b
com.google.firebase.auth.FirebaseAuthWebException -> com.google.firebase.auth.y: