build/app/outputs/mapping/release/usage.txt
com.edentech.foodie.R$xml
com.edentech.foodie.R$attr
com.edentech.foodie.R$id
com.edentech.foodie.R$dimen
com.edentech.foodie.R$bool
com.edentech.foodie.R$style
com.edentech.foodie.R$string
com.edentech.foodie.R$layout
com.edentech.foodie.R$drawable
com.edentech.foodie.R$anim
com.edentech.foodie.BuildConfig
com.edentech.foodie.R$raw
com.edentech.foodie.R
com.edentech.foodie.R$mipmap
com.edentech.foodie.R$interpolator
com.edentech.foodie.R$integer
com.edentech.foodie.R$styleable
com.edentech.foodie.R$color
...
com.google.common.collect.HashBasedTable$Factory
androidx.annotation.PluralsRes
kotlin.reflect.KProperty2
com.google.firebase.heartbeatinfo.HeartBeatInfoStorage:
    void <init>(android.content.SharedPreferences,android.content.SharedPreferences)
    private synchronized void cleanUpStoredHeartBeats()
    int getHeartBeatCount()
    synchronized void storeHeartBeatInformation(java.lang.String,long)
    synchronized long getLastGlobalHeartBeat()
    synchronized void updateGlobalHeartBeat(long)
    synchronized java.util.List getStoredHeartBeats(boolean)
    synchronized void clearStoredHeartBeats()
    private static final java.lang.String GLOBAL
    private static final java.lang.String PREFERENCES_NAME
    private static final java.lang.String HEART_BEAT_COUNT_TAG
    private static final int HEART_BEAT_COUNT_LIMIT
    private static final java.lang.String STORAGE_PREFERENCES_NAME
androidx.core.animation.AnimatorKt$doOnPause$$inlined$addPauseListener$1
com.humazed.google_map_location_picker.R$integer
io.flutter.plugins.firebase.messaging.ContextHolder:
    public void <init>()
com.google.firebase.components.Dependency:
    public static com.google.firebase.components.Dependency requiredProvider(java.lang.Class)
    public static com.google.firebase.components.Dependency setOfProvider(java.lang.Class)
com.google.common.collect.StandardTable$RowMap$EntrySet$1
androidx.multidex.MultiDexExtractor$ExtractedDex
kotlin.comparisons.ComparisonsKt__ComparisonsKt$compareByDescending$1
com.google.common.util.concurrent.ListenerCallQueue
com.google.firebase.database.InternalHelpers:
    public void <init>()
    public static com.google.firebase.database.FirebaseDatabase createDatabaseForTests(com.google.firebase.FirebaseApp,com.google.firebase.database.core.RepoInfo,com.google.firebase.database.core.DatabaseConfig)
com.google.android.datatransport.runtime.dagger.internal.ComponentDefinitionType
org.checkerframework.checker.units.qual.g
com.google.common.collect.CompactLinkedHashSet
androidx.vectordrawable.animated.R$style
kotlin.io.FilesKt
kotlin.jvm.internal.LongCompanionObject
androidx.browser.customtabs.TrustedWebUtils
com.tekartik.sqflite.LogLevel:
    public void <init>()
    static final int none
    static final int sql
    static final int verbose
org.checkerframework.checker.formatter.qual.UnknownFormat
com.google.common.escape.CharEscaperBuilder$CharArrayDecorator
com.google.common.reflect.TypeResolver$TypeVariableKey
kotlin.time.AdjustedTimeMark
io.flutter.plugins.webviewflutter.R$integer
com.google.common.collect.MultimapBuilder$MultimapBuilderWithKeys$6
com.google.common.base.Equivalence$Identity
androidx.appcompat.R$styleable:
    private void <init>()
androidx.concurrent.futures.AbstractResolvableFuture$Failure
com.google.common.cache.LocalCache$AccessQueue
androidx.appcompat.app.AlertController:
    public void setButtonPanelLayoutHint(int)
    public android.widget.Button getButton(int)
com.google.common.collect.Maps$EntryFunction
com.google.android.gms.maps.R$attr
com.google.android.datatransport.runtime.util.PriorityMapping:
    public void <init>()
com.google.common.graph.Graphs$TransposedGraph$1
com.google.android.gms.measurement.AppMeasurement$EventInterceptor
com.google.common.hash.Hashing$LinearCongruentialGenerator
androidx.multidex.MultiDex$V19
com.google.common.collect.AbstractMapBasedMultimap$AsMap
com.google.common.util.concurrent.GwtFluentFutureCatchingSpecialization
org.checkerframework.checker.units.qual.degrees
androidx.media.MediaBrowserServiceCompat$ConnectionRecord
org.checkerframework.framework.qual.RelevantJavaTypes
com.google.firebase.database.core.persistence.TrackedQueryManager:
    void verifyCache()
kotlin.reflect.KTypeProjection$WhenMappings